2025-12-10 13:37:39, MOVE, v:1, k:poo@pagamento, mode:PICK
2025-12-10 13:37:40, EXEC, v:1, k:poo@pagamento, mode:LOCK, rate:0, size:54
2025-12-10 13:37:43, MOVE, v:1, k:poo@pagamento, mode:BACK
2025-12-10 13:37:49, MOVE, v:1, k:poo@pagamento, mode:PICK
2025-12-10 13:37:51, EXEC, v:1, k:poo@pagamento, mode:LOCK, rate:0
2025-12-10 13:39:26, EXEC, v:1, k:poo@pagamento, mode:LOCK, rate:0
2025-12-10 13:39:30, MOVE, v:1, k:poo@pagamento, mode:BACK
2025-12-10 13:39:36, MOVE, v:1, k:poo@estacionamento, mode:DOWN
2025-12-10 13:39:37, MOVE, v:1, k:poo@estacionamento, mode:PICK
2025-12-10 13:39:40, EXEC, v:1, k:poo@estacionamento, mode:FULL, rate:0, size:0
2025-12-10 13:47:37, EXEC, v:1, k:poo@estacionamento, mode:FULL, rate:0, size:11
2025-12-10 13:47:40, MOVE, v:1, k:poo@estacionamento, mode:BACK
2025-12-10 13:47:54, MOVE, v:1, k:poo@estacionamento, mode:PICK
2025-12-10 13:47:55, EXEC, v:1, k:poo@estacionamento, mode:FULL, rate:0
2025-12-10 13:52:55, EXEC, v:1, k:poo@estacionamento, mode:FULL, rate:0, size:20
2025-12-10 14:13:27, EXEC, v:1, k:poo@estacionamento, mode:FULL, rate:0, size:48
2025-12-10 14:13:28, EXEC, v:1, k:poo@estacionamento, mode:FULL, rate:0
2025-12-10 14:13:28, EXEC, v:1, k:poo@estacionamento, mode:FULL, rate:0
2025-12-10 14:13:37, MOVE, v:1, k:poo@estacionamento, mode:BACK
2025-12-10 14:13:47, MOVE, v:1, k:poo@estacionamento, mode:PICK
2025-12-10 14:13:48, EXEC, v:1, k:poo@estacionamento, mode:FULL, rate:0
2025-12-10 14:18:49, EXEC, v:1, k:poo@estacionamento, mode:FULL, rate:0
2025-12-10 14:23:06, EXEC, v:1, k:poo@estacionamento, mode:FULL, rate:0, size:48
2025-12-10 14:23:19, MOVE, v:1, k:poo@estacionamento, mode:BACK
2025-12-10 14:23:25, MOVE, v:1, k:poo@estacionamento, mode:PICK
2025-12-10 14:23:26, EXEC, v:1, k:poo@estacionamento, mode:FULL, rate:0
2025-12-10 14:24:04, EXEC, v:1, k:poo@estacionamento, mode:FULL, rate:0, size:57
2025-12-10 14:28:45, EXEC, v:1, k:poo@estacionamento, mode:FULL, rate:0, size:57
2025-12-10 14:31:27, MOVE, v:1, k:poo@estacionamento, mode:BACK
2025-12-10 14:31:34, MOVE, v:1, k:poo@estacionamento, mode:PICK
2025-12-10 14:31:35, EXEC, v:1, k:poo@estacionamento, mode:FULL, rate:0
2025-12-10 16:03:43, MOVE, v:1, k:poo@estacionamento, mode:PICK
2025-12-10 16:03:44, EXEC, v:1, k:poo@estacionamento, mode:FULL, rate:0
