2025-12-14 00:17:57, MOVE, v:1, k:poo@pagamento, mode:PICK
2025-12-14 00:17:58, EXEC, v:1, k:poo@pagamento, mode:LOCK, rate:0
2025-12-14 00:43:42, EXEC, v:1, k:poo@pagamento, mode:LOCK, rate:0, size:54
2025-12-14 00:45:48, EXEC, v:1, k:poo@pagamento, mode:LOCK, rate:0, size:55
2025-12-14 00:45:50, MOVE, v:1, k:poo@pagamento, mode:BACK
2025-12-14 00:45:56, MOVE, v:1, k:poo@pagamento, mode:PICK
2025-12-14 00:45:57, EXEC, v:1, k:poo@pagamento, mode:LOCK, rate:0
2025-12-14 01:02:45, EXEC, v:1, k:poo@pagamento, mode:LOCK, rate:0, size:55
2025-12-14 01:02:55, MOVE, v:1, k:poo@pagamento, mode:BACK
2025-12-14 01:02:58, MOVE, v:1, k:poo@pagamento, mode:PICK
2025-12-14 01:02:59, EXEC, v:1, k:poo@pagamento, mode:LOCK, rate:0
2025-12-14 01:21:46, EXEC, v:1, k:poo@pagamento, mode:LOCK, rate:0
2025-12-14 01:21:47, MOVE, v:1, k:poo@pagamento, mode:BACK
2025-12-14 01:21:58, MOVE, v:1, k:poo@pagamento, mode:PICK
2025-12-14 01:21:58, EXEC, v:1, k:poo@pagamento, mode:LOCK, rate:0
2025-12-14 01:29:38, EXEC, v:1, k:poo@pagamento, mode:LOCK, rate:0, size:57
2025-12-14 01:29:42, MOVE, v:1, k:poo@pagamento, mode:BACK
2025-12-14 01:29:47, MOVE, v:1, k:poo@pagamento, mode:PICK
2025-12-14 01:29:48, EXEC, v:1, k:poo@pagamento, mode:LOCK, rate:0
2025-12-14 01:43:13, EXEC, v:1, k:poo@pagamento, mode:LOCK, rate:0, size:60
2025-12-14 01:43:57, MOVE, v:1, k:poo@pagamento, mode:BACK
2025-12-14 01:44:06, MOVE, v:1, k:poo@pagamento, mode:PICK
2025-12-14 01:44:07, EXEC, v:1, k:poo@pagamento, mode:LOCK, rate:0, size:61
2025-12-14 01:54:21, EXEC, v:1, k:poo@pagamento, mode:LOCK, rate:0, size:69
2025-12-14 03:08:19, MOVE, v:1, k:poo@pagamento, mode:PICK
2025-12-14 03:08:22, MOVE, v:1, k:poo@pagamento, mode:BACK
2025-12-14 03:08:24, MOVE, v:1, k:poo@pagamento, mode:PICK
2025-12-14 03:08:25, EXEC, v:1, k:poo@pagamento, mode:LOCK, rate:0
2025-12-14 03:28:44, EXEC, v:1, k:poo@pagamento, mode:LOCK, rate:0, size:71
2025-12-14 03:28:56, EXEC, v:1, k:poo@pagamento, mode:LOCK, rate:0, size:71
2025-12-14 03:29:02, MOVE, v:1, k:poo@pagamento, mode:BACK
2025-12-14 03:29:07, MOVE, v:1, k:poo@pagamento, mode:PICK
2025-12-14 03:29:07, EXEC, v:1, k:poo@pagamento, mode:LOCK, rate:0
2025-12-14 03:42:50, EXEC, v:1, k:poo@pagamento, mode:LOCK, rate:0, size:71
2025-12-14 03:43:12, EXEC, v:1, k:poo@pagamento, mode:LOCK, rate:0, size:72
2025-12-14 03:43:15, MOVE, v:1, k:poo@pagamento, mode:BACK
2025-12-14 03:43:23, MOVE, v:1, k:poo@pagamento, mode:PICK
2025-12-14 03:43:24, EXEC, v:1, k:poo@pagamento, mode:LOCK, rate:0
2025-12-14 03:43:25, MOVE, v:1, k:poo@pagamento, mode:BACK
2025-12-14 03:43:38, MOVE, v:1, k:poo@pagamento, mode:PICK
2025-12-14 03:43:39, EXEC, v:1, k:poo@pagamento, mode:LOCK, rate:0
2025-12-14 03:52:57, EXEC, v:1, k:poo@pagamento, mode:LOCK, rate:0
2025-12-14 03:57:57, EXEC, v:1, k:poo@pagamento, mode:LOCK, rate:0, size:82
2025-12-14 03:58:11, EXEC, v:1, k:poo@pagamento, mode:LOCK, rate:0, size:82
2025-12-14 04:38:59, MOVE, v:1, k:poo@pagamento, mode:PICK
2025-12-14 04:38:59, EXEC, v:1, k:poo@pagamento, mode:LOCK, rate:0, size:82
2025-12-14 04:41:12, EXEC, v:1, k:poo@pagamento, mode:LOCK, rate:0
2025-12-14 04:41:16, MOVE, v:1, k:poo@pagamento, mode:BACK
2025-12-14 15:32:38, MOVE, v:1, k:poo@zoo, mode:DOWN
2025-12-14 15:32:38, MOVE, v:1, k:poo@zoo, mode:PICK
2025-12-14 15:32:39, EXEC, v:1, k:poo@zoo, mode:LOCK, rate:100, size:0
2025-12-14 15:34:49, EXEC, v:1, k:poo@zoo, mode:LOCK, rate:100
2025-12-14 16:17:33, MOVE, v:1, k:poo@zoo, mode:PICK
2025-12-14 16:17:34, EXEC, v:1, k:poo@zoo, mode:LOCK, rate:0, size:1
2025-12-14 17:18:46, MOVE, v:1, k:poo@zoo, mode:PICK
2025-12-14 17:56:31, EXEC, v:1, k:poo@zoo, mode:LOCK, rate:0, size:8
2025-12-14 17:56:42, MOVE, v:1, k:poo@zoo, mode:BACK
2025-12-14 17:56:44, MOVE, v:1, k:poo@zoo, mode:PICK
2025-12-14 17:56:45, EXEC, v:1, k:poo@zoo, mode:LOCK, rate:0, size:8
2025-12-14 18:19:09, EXEC, v:1, k:poo@zoo, mode:LOCK, rate:0
2025-12-14 19:12:40, EXEC, v:1, k:poo@zoo, mode:LOCK, rate:100, size:57
2025-12-14 19:12:43, MOVE, v:1, k:poo@zoo, mode:BACK
2025-12-14 19:20:07, MOVE, v:1, k:poo@zoo, mode:PICK
2025-12-14 19:20:08, EXEC, v:1, k:poo@zoo, mode:LOCK, rate:100
2025-12-14 19:37:30, EXEC, v:1, k:poo@zoo, mode:LOCK, rate:100, size:56
2025-12-14 19:50:17, EXEC, v:1, k:poo@zoo, mode:LOCK, rate:100, size:60
2025-12-14 19:50:20, MOVE, v:1, k:poo@zoo, mode:BACK
2025-12-14 20:07:47, MOVE, v:1, k:poo@zoo, mode:PICK
2025-12-14 20:07:48, EXEC, v:1, k:poo@zoo, mode:LOCK, rate:100
2025-12-14 20:33:13, EXEC, v:1, k:poo@zoo, mode:LOCK, rate:100, size:87
2025-12-14 20:33:16, MOVE, v:1, k:poo@zoo, mode:BACK
